{"/home/ivan/frontend-project-46/src/index.js": {"path":"/home/ivan/frontend-project-46/src/index.js","statementMap":{"0":{"start":{"line":6,"column":16},"end":{"line":31,"column":1}},"1":{"start":{"line":7,"column":16},"end":{"line":7,"column":34}},"2":{"start":{"line":8,"column":16},"end":{"line":8,"column":34}},"3":{"start":{"line":9,"column":15},"end":{"line":9,"column":36}},"4":{"start":{"line":11,"column":17},"end":{"line":11,"column":19}},"5":{"start":{"line":13,"column":2},"end":{"line":29,"column":3}},"6":{"start":{"line":14,"column":4},"end":{"line":28,"column":5}},"7":{"start":{"line":15,"column":27},"end":{"line":15,"column":59}},"8":{"start":{"line":16,"column":6},"end":{"line":16,"column":32}},"9":{"start":{"line":17,"column":11},"end":{"line":28,"column":5}},"10":{"start":{"line":18,"column":27},"end":{"line":18,"column":59}},"11":{"start":{"line":19,"column":6},"end":{"line":19,"column":32}},"12":{"start":{"line":20,"column":11},"end":{"line":28,"column":5}},"13":{"start":{"line":21,"column":28},"end":{"line":21,"column":60}},"14":{"start":{"line":22,"column":28},"end":{"line":22,"column":60}},"15":{"start":{"line":23,"column":6},"end":{"line":23,"column":33}},"16":{"start":{"line":24,"column":6},"end":{"line":24,"column":33}},"17":{"start":{"line":26,"column":27},"end":{"line":26,"column":59}},"18":{"start":{"line":27,"column":6},"end":{"line":27,"column":32}},"19":{"start":{"line":30,"column":2},"end":{"line":30,"column":16}},"20":{"start":{"line":33,"column":16},"end":{"line":43,"column":1}},"21":{"start":{"line":34,"column":26},"end":{"line":34,"column":39}},"22":{"start":{"line":36,"column":24},"end":{"line":36,"column":64}},"23":{"start":{"line":37,"column":24},"end":{"line":37,"column":64}},"24":{"start":{"line":39,"column":15},"end":{"line":39,"column":66}},"25":{"start":{"line":40,"column":15},"end":{"line":40,"column":66}},"26":{"start":{"line":41,"column":17},"end":{"line":41,"column":36}},"27":{"start":{"line":42,"column":2},"end":{"line":42,"column":38}}},"fnMap":{"0":{"name":"(anonymous_0)","decl":{"start":{"line":6,"column":16},"end":{"line":6,"column":17}},"loc":{"start":{"line":6,"column":44},"end":{"line":31,"column":1}},"line":6},"1":{"name":"(anonymous_1)","decl":{"start":{"line":33,"column":16},"end":{"line":33,"column":17}},"loc":{"start":{"line":33,"column":42},"end":{"line":43,"column":1}},"line":33}},"branchMap":{"0":{"loc":{"start":{"line":14,"column":4},"end":{"line":28,"column":5}},"type":"if","locations":[{"start":{"line":14,"column":4},"end":{"line":28,"column":5}},{"start":{"line":17,"column":11},"end":{"line":28,"column":5}}],"line":14},"1":{"loc":{"start":{"line":17,"column":11},"end":{"line":28,"column":5}},"type":"if","locations":[{"start":{"line":17,"column":11},"end":{"line":28,"column":5}},{"start":{"line":20,"column":11},"end":{"line":28,"column":5}}],"line":17},"2":{"loc":{"start":{"line":20,"column":11},"end":{"line":28,"column":5}},"type":"if","locations":[{"start":{"line":20,"column":11},"end":{"line":28,"column":5}},{"start":{"line":25,"column":11},"end":{"line":28,"column":5}}],"line":20}},"s":{"0":1,"1":1,"2":1,"3":1,"4":1,"5":1,"6":5,"7":1,"8":1,"9":4,"10":2,"11":2,"12":2,"13":1,"14":1,"15":1,"16":1,"17":1,"18":1,"19":1,"20":1,"21":1,"22":1,"23":1,"24":1,"25":1,"26":1,"27":1},"f":{"0":1,"1":1},"b":{"0":[1,4],"1":[2,2],"2":[1,1]},"_coverageSchema":"1a1c01bbd47fc00a2c39e90264f33305004495a9","hash":"6c2bf859ae26f25854738c0a800a485e9176741f"}
}
